<?xml version="1.0" encoding="UTF-8"?>
<!-- Generated by org.testng.reporters.JUnitReportReporter -->
<testsuite hostname="DESKTOP-9JM1A7T" failures="0" tests="2" name="TestRunner.CucumberTestRunner" time="50.952" errors="0" timestamp="2024-06-24T20:54:28 IST" skipped="0">
  <testcase classname="TestRunner.CucumberTestRunner" name="runScenario" time="30.822"/>
  <testcase classname="TestRunner.CucumberTestRunner" name="runScenario" time="20.130"/>
</testsuite> <!-- TestRunner.CucumberTestRunner -->
